<!DOCTYPE html PUBLIC "-//W3C//DTD XHTML 1.1//EN" "https://www.w3.org/TR/xhtml11/DTD/xhtml11.dtd">
<html xmlns="https://www.w3.org/1999/xhtml">
<head>
<meta http-equiv="content-type" content="text/html; charset=UTF-8"/>
<title>TestNG Report</title>
<style type="text/css">table {margin-bottom:10px;border-collapse:collapse;empty-cells:show}th,td {border:1px solid #009;padding:.25em .5em}th {vertical-align:bottom}td {vertical-align:top}table a {font-weight:bold}.stripe td {background-color: #E6EBF9}.num {text-align:right}.passedodd td {background-color: #3F3}.passedeven td {background-color: #0A0}.skippedodd td {background-color: #DDD}.skippedeven td {background-color: #CCC}.failedodd td,.attn {background-color: #F33}.failedeven td,.stripe .attn {background-color: #D00}.stacktrace {white-space:pre;font-family:monospace}.totop {font-size:85%;text-align:center;border-bottom:2px solid #000}.invisible {display:none}</style>
</head>
<body>
<table>
<tr><th>Test</th><th># Passed</th><th># Skipped</th><th># Retried</th><th># Failed</th><th>Time (ms)</th><th>Included Groups</th><th>Excluded Groups</th></tr>
<tr><th colspan="8">Default suite</th></tr>
<tr><td><a href="#t0">Default test</a></td><td class="num">0</td><td class="num">0</td><td class="num">0</td><td class="num attn">1</td><td class="num">1,821</td><td></td><td></td></tr>
</table>
<table id='summary'><thead><tr><th>Class</th><th>Method</th><th>Start</th><th>Time (ms)</th></tr></thead><tbody><tr><th colspan="4">Default suite</th></tr></tbody><tbody id="t0"><tr><th colspan="4">Default test &#8212; failed</th></tr><tr class="failedeven"><td rowspan="1">tests.People4SchemaValidation</td><td><a href="#m0">testResponseSchema</a></td><td rowspan="1">1722160995314</td><td rowspan="1">1508</td></tr></tbody>
</table>
<h2>Default test</h2><h3 id="m0">tests.People4SchemaValidation#testResponseSchema</h3><table class="result"><tr><th>Exception</th></tr><tr><td><div class="stacktrace">io.restassured.module.jsv.JsonSchemaValidationException: com.github.fge.jsonschema.core.exceptions.InvalidSchemaException: fatal: invalid JSON Schema, cannot continue
Syntax errors:
[ {
  &quot;level&quot; : &quot;error&quot;,
  &quot;message&quot; : &quot;\&quot;int\&quot; is not a valid primitive type (valid values are: [array, boolean, integer, null, number, object, string])&quot;,
  &quot;domain&quot; : &quot;syntax&quot;,
  &quot;schema&quot; : {
    &quot;loadingURI&quot; : &quot;file:/C:/Users/Gabi/eclipse-workspace/RestApiProject/target/classes/people4FailedSchema.json#&quot;,
    &quot;pointer&quot; : &quot;/properties/hair_color&quot;
  },
  &quot;keyword&quot; : &quot;type&quot;,
  &quot;found&quot; : &quot;int&quot;,
  &quot;valid&quot; : [ &quot;array&quot;, &quot;boolean&quot;, &quot;integer&quot;, &quot;null&quot;, &quot;number&quot;, &quot;object&quot;, &quot;string&quot; ]
} ]
    level: &quot;fatal&quot;

	at io.restassured.module.jsv.JsonSchemaValidator.matchesSafely(JsonSchemaValidator.java:233)
	at io.restassured.module.jsv.JsonSchemaValidator.matchesSafely(JsonSchemaValidator.java:75)
	at org.hamcrest.TypeSafeMatcher.matches(TypeSafeMatcher.java:67)
	at org.junit.Assert.assertThat(Assert.java:772)
	at org.junit.Assert.assertThat(Assert.java:738)
	at tests.People4SchemaValidation.testResponseSchema(People4SchemaValidation.java:18)
	at java.base/jdk.internal.reflect.DirectMethodHandleAccessor.invoke(DirectMethodHandleAccessor.java:103)
	at java.base/java.lang.reflect.Method.invoke(Method.java:580)
	at org.testng.internal.MethodInvocationHelper.invokeMethod(MethodInvocationHelper.java:133)
	at org.testng.internal.TestInvoker.invokeMethod(TestInvoker.java:598)
	at org.testng.internal.TestInvoker.invokeTestMethod(TestInvoker.java:173)
	at org.testng.internal.MethodRunner.runInSequence(MethodRunner.java:46)
	at org.testng.internal.TestInvoker$MethodInvocationAgent.invoke(TestInvoker.java:824)
	at org.testng.internal.TestInvoker.invokeTestMethods(TestInvoker.java:146)
	at org.testng.internal.TestMethodWorker.invokeTestMethods(TestMethodWorker.java:146)
	at org.testng.internal.TestMethodWorker.run(TestMethodWorker.java:128)
	at java.base/java.util.ArrayList.forEach(ArrayList.java:1597)
	at org.testng.TestRunner.privateRun(TestRunner.java:794)
	at org.testng.TestRunner.run(TestRunner.java:596)
	at org.testng.SuiteRunner.runTest(SuiteRunner.java:377)
	at org.testng.SuiteRunner.runSequentially(SuiteRunner.java:371)
	at org.testng.SuiteRunner.privateRun(SuiteRunner.java:332)
	at org.testng.SuiteRunner.run(SuiteRunner.java:276)
	at org.testng.SuiteRunnerWorker.runSuite(SuiteRunnerWorker.java:53)
	at org.testng.SuiteRunnerWorker.run(SuiteRunnerWorker.java:96)
	at org.testng.TestNG.runSuitesSequentially(TestNG.java:1212)
	at org.testng.TestNG.runSuitesLocally(TestNG.java:1134)
	at org.testng.TestNG.runSuites(TestNG.java:1063)
	at org.testng.TestNG.run(TestNG.java:1031)
	at org.testng.remote.AbstractRemoteTestNG.run(AbstractRemoteTestNG.java:115)
	at org.testng.remote.RemoteTestNG.initAndRun(RemoteTestNG.java:293)
	at org.testng.remote.RemoteTestNG.main(RemoteTestNG.java:91)
Caused by: com.github.fge.jsonschema.core.exceptions.InvalidSchemaException: fatal: invalid JSON Schema, cannot continue
Syntax errors:
[ {
  &quot;level&quot; : &quot;error&quot;,
  &quot;message&quot; : &quot;\&quot;int\&quot; is not a valid primitive type (valid values are: [array, boolean, integer, null, number, object, string])&quot;,
  &quot;domain&quot; : &quot;syntax&quot;,
  &quot;schema&quot; : {
    &quot;loadingURI&quot; : &quot;file:/C:/Users/Gabi/eclipse-workspace/RestApiProject/target/classes/people4FailedSchema.json#&quot;,
    &quot;pointer&quot; : &quot;/properties/hair_color&quot;
  },
  &quot;keyword&quot; : &quot;type&quot;,
  &quot;found&quot; : &quot;int&quot;,
  &quot;valid&quot; : [ &quot;array&quot;, &quot;boolean&quot;, &quot;integer&quot;, &quot;null&quot;, &quot;number&quot;, &quot;object&quot;, &quot;string&quot; ]
} ]
    level: &quot;fatal&quot;

	at com.github.fge.jsonschema.processors.validation.InstanceValidator.process(InstanceValidator.java:114)
	at com.github.fge.jsonschema.processors.validation.ValidationProcessor.process(ValidationProcessor.java:56)
	at com.github.fge.jsonschema.processors.validation.ValidationProcessor.process(ValidationProcessor.java:34)
	at com.github.fge.jsonschema.core.processing.ProcessingResult.of(ProcessingResult.java:79)
	at com.github.fge.jsonschema.main.JsonSchemaImpl.doValidate(JsonSchemaImpl.java:77)
	at com.github.fge.jsonschema.main.JsonSchemaImpl.validate(JsonSchemaImpl.java:100)
	at com.github.fge.jsonschema.main.JsonSchemaImpl.validate(JsonSchemaImpl.java:110)
	at io.restassured.module.jsv.JsonSchemaValidator.matchesSafely(JsonSchemaValidator.java:227)
	... 31 more
</div></td></tr></table><p class="totop"><a href="#summary">back to summary</a></p>
</body>
</html>
